{"level":"error","message":"Error: Invalid file type. Allowed: MP3, WAV, M4A, WebM","timestamp":"2026-03-13T15:30:28.585Z"}
{"level":"error","message":"Error connecting to MongoDB: Could not connect to any servers in your MongoDB Atlas cluster. One common reason is that you're trying to access the database from an IP that isn't whitelisted. Make sure your current IP address is on your Atlas cluster's IP whitelist: https://www.mongodb.com/docs/atlas/security-whitelist/","timestamp":"2026-03-13T18:01:31.067Z"}
{"level":"error","message":"Error connecting to MongoDB: Could not connect to any servers in your MongoDB Atlas cluster. One common reason is that you're trying to access the database from an IP that isn't whitelisted. Make sure your current IP address is on your Atlas cluster's IP whitelist: https://www.mongodb.com/docs/atlas/security-whitelist/","timestamp":"2026-03-13T18:05:55.260Z"}
{"level":"error","message":"Error connecting to MongoDB: querySrv ESERVFAIL _mongodb._tcp.cluster0.x7hvzet.mongodb.net","timestamp":"2026-03-17T16:31:45.796Z"}
{"level":"error","message":"Error connecting to MongoDB: Could not connect to any servers in your MongoDB Atlas cluster. One common reason is that you're trying to access the database from an IP that isn't whitelisted. Make sure your current IP address is on your Atlas cluster's IP whitelist: https://www.mongodb.com/docs/atlas/security-whitelist/","timestamp":"2026-03-17T16:32:11.163Z"}
{"level":"error","message":"Error connecting to MongoDB: Could not connect to any servers in your MongoDB Atlas cluster. One common reason is that you're trying to access the database from an IP that isn't whitelisted. Make sure your current IP address is on your Atlas cluster's IP whitelist: https://www.mongodb.com/docs/atlas/security-whitelist/","timestamp":"2026-03-17T16:34:02.285Z"}
{"level":"error","message":"Error connecting to MongoDB: Could not connect to any servers in your MongoDB Atlas cluster. One common reason is that you're trying to access the database from an IP that isn't whitelisted. Make sure your current IP address is on your Atlas cluster's IP whitelist: https://www.mongodb.com/docs/atlas/security-whitelist/","timestamp":"2026-03-17T16:34:16.481Z"}
{"level":"error","message":"Error connecting to MongoDB: Could not connect to any servers in your MongoDB Atlas cluster. One common reason is that you're trying to access the database from an IP that isn't whitelisted. Make sure your current IP address is on your Atlas cluster's IP whitelist: https://www.mongodb.com/docs/atlas/security-whitelist/","timestamp":"2026-03-18T08:19:22.520Z"}
{"level":"error","message":"Error connecting to MongoDB: querySrv ESERVFAIL _mongodb._tcp.cluster0.x7hvzet.mongodb.net","timestamp":"2026-03-21T05:39:02.762Z"}
{"level":"error","message":"Error connecting to MongoDB: querySrv ESERVFAIL _mongodb._tcp.cluster0.x7hvzet.mongodb.net","timestamp":"2026-03-21T05:39:03.923Z"}
{"level":"error","message":"Error connecting to MongoDB: querySrv ESERVFAIL _mongodb._tcp.cluster0.x7hvzet.mongodb.net","timestamp":"2026-03-21T05:39:51.429Z"}
{"level":"error","message":"Error connecting to MongoDB: querySrv ESERVFAIL _mongodb._tcp.cluster0.x7hvzet.mongodb.net","timestamp":"2026-03-21T05:40:26.204Z"}
{"level":"error","message":"Error connecting to MongoDB: querySrv ESERVFAIL _mongodb._tcp.cluster0.x7hvzet.mongodb.net","timestamp":"2026-03-21T05:41:18.275Z"}
{"level":"error","message":"Error connecting to MongoDB: querySrv ESERVFAIL _mongodb._tcp.cluster0.x7hvzet.mongodb.net","timestamp":"2026-03-21T05:41:18.460Z"}
{"level":"error","message":"Error connecting to MongoDB: querySrv ESERVFAIL _mongodb._tcp.cluster0.x7hvzet.mongodb.net","timestamp":"2026-03-21T05:41:53.766Z"}
{"level":"error","message":"Error connecting to MongoDB: querySrv ESERVFAIL _mongodb._tcp.cluster0.x7hvzet.mongodb.net","timestamp":"2026-03-21T05:42:15.596Z"}
{"level":"error","message":"Error connecting to MongoDB: querySrv ESERVFAIL _mongodb._tcp.cluster0.x7hvzet.mongodb.net","timestamp":"2026-03-21T06:02:44.780Z"}
{"level":"error","message":"Error connecting to MongoDB: querySrv ESERVFAIL _mongodb._tcp.cluster0.x7hvzet.mongodb.net","timestamp":"2026-03-21T06:02:45.961Z"}
{"level":"error","message":"Error connecting to MongoDB: querySrv ESERVFAIL _mongodb._tcp.cluster0.x7hvzet.mongodb.net","timestamp":"2026-03-21T06:02:59.197Z"}
{"level":"error","message":"Error connecting to MongoDB: querySrv ESERVFAIL _mongodb._tcp.cluster0.x7hvzet.mongodb.net","timestamp":"2026-03-21T06:03:12.469Z"}
{"level":"error","message":"Error connecting to MongoDB: querySrv ENOTFOUND _mongodb._tcp.cluster0.x7hvzet.mongodb.net","timestamp":"2026-03-21T06:03:22.324Z"}
{"level":"error","message":"Error connecting to MongoDB: Could not connect to any servers in your MongoDB Atlas cluster. One common reason is that you're trying to access the database from an IP that isn't whitelisted. Make sure your current IP address is on your Atlas cluster's IP whitelist: https://www.mongodb.com/docs/atlas/security-whitelist/","timestamp":"2026-03-21T06:03:29.110Z"}
{"level":"error","message":"Error connecting to MongoDB: Server selection timed out after 5000 ms","timestamp":"2026-04-02T00:58:20.051Z"}
{"level":"error","message":"Error connecting to MongoDB: Server selection timed out after 5000 ms","timestamp":"2026-04-02T00:58:20.915Z"}
{"level":"error","message":"Error connecting to MongoDB: Server selection timed out after 5000 ms","timestamp":"2026-04-02T00:58:29.804Z"}
{"level":"error","message":"Error connecting to MongoDB: Server selection timed out after 5000 ms","timestamp":"2026-04-02T00:58:39.682Z"}
{"level":"error","message":"Error connecting to MongoDB: Server selection timed out after 5000 ms","timestamp":"2026-04-02T00:58:49.766Z"}
{"level":"error","message":"Error connecting to MongoDB: Server selection timed out after 5000 ms","timestamp":"2026-04-02T00:59:00.235Z"}
{"level":"error","message":"Error connecting to MongoDB: Server selection timed out after 5000 ms","timestamp":"2026-04-02T00:59:11.664Z"}
{"level":"error","message":"Error connecting to MongoDB: Server selection timed out after 5000 ms","timestamp":"2026-04-02T00:59:24.768Z"}
{"level":"error","message":"Error connecting to MongoDB: Server selection timed out after 5000 ms","timestamp":"2026-04-02T00:59:40.989Z"}
{"level":"error","message":"Error connecting to MongoDB: Server selection timed out after 5000 ms","timestamp":"2026-04-02T01:00:03.616Z"}
{"level":"error","message":"Error connecting to MongoDB: Server selection timed out after 5000 ms","timestamp":"2026-04-02T01:00:39.031Z"}
{"level":"error","message":"Error connecting to MongoDB: Server selection timed out after 5000 ms","timestamp":"2026-04-02T01:01:40.173Z"}
{"level":"error","message":"Error connecting to MongoDB: Server selection timed out after 5000 ms","timestamp":"2026-04-02T01:02:50.178Z"}
{"level":"error","message":"Error connecting to MongoDB: Server selection timed out after 5000 ms","timestamp":"2026-04-02T01:04:00.025Z"}
{"level":"error","message":"Error connecting to MongoDB: Server selection timed out after 5000 ms","timestamp":"2026-04-02T01:05:11.300Z"}
{"level":"error","message":"Error connecting to MongoDB: Server selection timed out after 5000 ms","timestamp":"2026-04-02T01:05:21.689Z"}
{"level":"error","message":"Error connecting to MongoDB: Server selection timed out after 5000 ms","timestamp":"2026-04-02T01:05:31.894Z"}
{"level":"error","message":"Error connecting to MongoDB: Server selection timed out after 5000 ms","timestamp":"2026-04-02T01:05:42.006Z"}
{"level":"error","message":"Error connecting to MongoDB: Server selection timed out after 5000 ms","timestamp":"2026-04-02T01:05:52.085Z"}
{"level":"error","message":"Error connecting to MongoDB: Server selection timed out after 5000 ms","timestamp":"2026-04-02T01:06:02.288Z"}
{"level":"error","message":"Error connecting to MongoDB: Server selection timed out after 5000 ms","timestamp":"2026-04-02T01:06:12.939Z"}
{"level":"error","message":"Error connecting to MongoDB: Server selection timed out after 5000 ms","timestamp":"2026-04-02T01:06:24.319Z"}
{"level":"error","message":"Error connecting to MongoDB: Server selection timed out after 5000 ms","timestamp":"2026-04-02T01:06:37.456Z"}
{"level":"error","message":"Error connecting to MongoDB: Server selection timed out after 5000 ms","timestamp":"2026-04-02T01:06:53.649Z"}
{"level":"error","message":"Error connecting to MongoDB: Server selection timed out after 5000 ms","timestamp":"2026-04-02T01:07:16.357Z"}
{"level":"error","message":"Error connecting to MongoDB: Server selection timed out after 5000 ms","timestamp":"2026-04-02T01:07:51.773Z"}
{"level":"error","message":"Error connecting to MongoDB: Server selection timed out after 5000 ms","timestamp":"2026-04-02T01:08:52.823Z"}
{"level":"error","message":"Error connecting to MongoDB: Server selection timed out after 5000 ms","timestamp":"2026-04-02T01:10:02.831Z"}
{"level":"error","message":"Error connecting to MongoDB: Server selection timed out after 5000 ms","timestamp":"2026-04-02T01:11:12.966Z"}
{"level":"error","message":"Error connecting to MongoDB: Server selection timed out after 5000 ms","timestamp":"2026-04-02T01:11:22.903Z"}
{"level":"error","message":"Error connecting to MongoDB: Server selection timed out after 5000 ms","timestamp":"2026-04-02T01:11:32.832Z"}
{"level":"error","message":"Error connecting to MongoDB: Server selection timed out after 5000 ms","timestamp":"2026-04-02T01:11:43.028Z"}
{"level":"error","message":"Error connecting to MongoDB: Server selection timed out after 5000 ms","timestamp":"2026-04-02T01:11:53.625Z"}
{"level":"error","message":"Error connecting to MongoDB: Server selection timed out after 5000 ms","timestamp":"2026-04-02T01:12:05.230Z"}
{"level":"error","message":"Error connecting to MongoDB: Server selection timed out after 5000 ms","timestamp":"2026-04-02T01:12:18.351Z"}
{"level":"error","message":"Error connecting to MongoDB: Server selection timed out after 5000 ms","timestamp":"2026-04-02T01:12:34.637Z"}
{"level":"error","message":"Error connecting to MongoDB: Server selection timed out after 5000 ms","timestamp":"2026-04-02T01:12:57.302Z"}
{"level":"error","message":"Error connecting to MongoDB: Server selection timed out after 5000 ms","timestamp":"2026-04-02T01:13:32.704Z"}
{"level":"error","message":"Error connecting to MongoDB: Server selection timed out after 5000 ms","timestamp":"2026-04-02T01:14:33.706Z"}
{"level":"error","message":"Error connecting to MongoDB: Server selection timed out after 5000 ms","timestamp":"2026-04-02T01:15:43.651Z"}
{"level":"error","message":"Error connecting to MongoDB: Server selection timed out after 5000 ms","timestamp":"2026-04-02T01:16:53.575Z"}
{"level":"error","message":"Error connecting to MongoDB: Server selection timed out after 5000 ms","timestamp":"2026-04-02T01:18:03.517Z"}
{"level":"error","message":"Error connecting to MongoDB: Server selection timed out after 5000 ms","timestamp":"2026-04-02T01:19:13.452Z"}
{"level":"error","message":"Error connecting to MongoDB: Server selection timed out after 5000 ms","timestamp":"2026-04-02T01:20:23.293Z"}
{"level":"error","message":"Error connecting to MongoDB: Server selection timed out after 5000 ms","timestamp":"2026-04-02T01:21:33.202Z"}
{"level":"error","message":"Error connecting to MongoDB: Server selection timed out after 5000 ms","timestamp":"2026-04-02T01:22:45.058Z"}
{"level":"error","message":"Error connecting to MongoDB: Server selection timed out after 5000 ms","timestamp":"2026-04-02T01:22:54.993Z"}
{"level":"error","message":"Error connecting to MongoDB: Server selection timed out after 5000 ms","timestamp":"2026-04-02T01:23:04.919Z"}
{"level":"error","message":"Error connecting to MongoDB: Server selection timed out after 5000 ms","timestamp":"2026-04-02T01:23:15.041Z"}
{"level":"error","message":"Error connecting to MongoDB: Server selection timed out after 5000 ms","timestamp":"2026-04-02T01:23:25.665Z"}
{"level":"error","message":"Error connecting to MongoDB: Server selection timed out after 5000 ms","timestamp":"2026-04-02T01:23:37.085Z"}
{"level":"error","message":"Error connecting to MongoDB: Server selection timed out after 5000 ms","timestamp":"2026-04-02T01:23:50.139Z"}
{"level":"error","message":"Error connecting to MongoDB: Server selection timed out after 5000 ms","timestamp":"2026-04-02T01:24:06.583Z"}
{"level":"error","message":"Error connecting to MongoDB: Server selection timed out after 5000 ms","timestamp":"2026-04-02T01:24:29.425Z"}
{"level":"error","message":"Error connecting to MongoDB: Server selection timed out after 5000 ms","timestamp":"2026-04-02T01:24:39.495Z"}
{"level":"error","message":"Error connecting to MongoDB: Server selection timed out after 5000 ms","timestamp":"2026-04-02T01:24:49.532Z"}
{"level":"error","message":"Error connecting to MongoDB: Server selection timed out after 5000 ms","timestamp":"2026-04-02T01:25:02.591Z"}
{"level":"error","message":"Error connecting to MongoDB: Server selection timed out after 5000 ms","timestamp":"2026-04-02T01:25:12.768Z"}
{"level":"error","message":"Error connecting to MongoDB: Server selection timed out after 5000 ms","timestamp":"2026-04-02T01:25:22.765Z"}
{"level":"error","message":"Error connecting to MongoDB: Server selection timed out after 5000 ms","timestamp":"2026-04-02T01:25:32.911Z"}
{"level":"error","message":"Error connecting to MongoDB: Server selection timed out after 5000 ms","timestamp":"2026-04-02T01:25:43.389Z"}
{"level":"error","message":"Error connecting to MongoDB: Server selection timed out after 5000 ms","timestamp":"2026-04-02T01:25:54.809Z"}
{"level":"error","message":"Error connecting to MongoDB: Server selection timed out after 5000 ms","timestamp":"2026-04-02T01:26:07.800Z"}
{"level":"error","message":"Error connecting to MongoDB: Server selection timed out after 5000 ms","timestamp":"2026-04-02T01:26:23.781Z"}
{"level":"error","message":"Error connecting to MongoDB: Server selection timed out after 5000 ms","timestamp":"2026-04-02T01:26:46.065Z"}
{"level":"error","message":"Error connecting to MongoDB: Server selection timed out after 5000 ms","timestamp":"2026-04-02T01:27:21.379Z"}
{"level":"error","message":"Error connecting to MongoDB: Server selection timed out after 5000 ms","timestamp":"2026-04-02T01:28:22.282Z"}
{"level":"error","message":"Error connecting to MongoDB: Server selection timed out after 5000 ms","timestamp":"2026-04-02T01:29:32.035Z"}
{"level":"error","message":"Error connecting to MongoDB: Server selection timed out after 5000 ms","timestamp":"2026-04-02T01:30:41.647Z"}
{"level":"error","message":"Error connecting to MongoDB: Server selection timed out after 5000 ms","timestamp":"2026-04-02T01:31:51.328Z"}
{"level":"error","message":"Error connecting to MongoDB: Server selection timed out after 5000 ms","timestamp":"2026-04-02T01:33:01.069Z"}
{"level":"error","message":"Error connecting to MongoDB: Server selection timed out after 5000 ms","timestamp":"2026-04-02T01:34:10.563Z"}
{"level":"error","message":"Error connecting to MongoDB: Server selection timed out after 5000 ms","timestamp":"2026-04-02T01:35:21.279Z"}
{"level":"error","message":"Error connecting to MongoDB: Server selection timed out after 5000 ms","timestamp":"2026-04-02T01:35:30.904Z"}
{"level":"error","message":"Error connecting to MongoDB: Server selection timed out after 5000 ms","timestamp":"2026-04-02T01:35:40.535Z"}
{"level":"error","message":"Error connecting to MongoDB: Server selection timed out after 5000 ms","timestamp":"2026-04-02T01:35:50.341Z"}
{"level":"error","message":"Error connecting to MongoDB: Server selection timed out after 5000 ms","timestamp":"2026-04-02T01:36:00.558Z"}
{"level":"error","message":"Error connecting to MongoDB: Server selection timed out after 5000 ms","timestamp":"2026-04-02T01:36:11.622Z"}
{"level":"error","message":"Error connecting to MongoDB: Server selection timed out after 5000 ms","timestamp":"2026-04-02T01:36:24.282Z"}
{"level":"error","message":"Error connecting to MongoDB: Server selection timed out after 5000 ms","timestamp":"2026-04-02T01:36:40.099Z"}
{"level":"error","message":"Error connecting to MongoDB: Server selection timed out after 5000 ms","timestamp":"2026-04-02T01:37:02.432Z"}
{"level":"error","message":"Error connecting to MongoDB: Server selection timed out after 5000 ms","timestamp":"2026-04-02T01:37:38.227Z"}
{"level":"error","message":"Error connecting to MongoDB: Server selection timed out after 5000 ms","timestamp":"2026-04-02T01:37:48.134Z"}
{"level":"error","message":"Error connecting to MongoDB: Server selection timed out after 5000 ms","timestamp":"2026-04-02T01:37:57.753Z"}
{"level":"error","message":"Error connecting to MongoDB: Server selection timed out after 5000 ms","timestamp":"2026-04-02T01:38:07.516Z"}
{"level":"error","message":"Error connecting to MongoDB: Server selection timed out after 5000 ms","timestamp":"2026-04-02T01:38:17.742Z"}
{"level":"error","message":"Error connecting to MongoDB: Server selection timed out after 5000 ms","timestamp":"2026-04-02T01:38:28.795Z"}
{"level":"error","message":"Error connecting to MongoDB: getaddrinfo ENOTFOUND mongo","timestamp":"2026-04-02T01:38:41.417Z"}
{"level":"error","message":"Error connecting to MongoDB: Server selection timed out after 5000 ms","timestamp":"2026-04-02T01:38:57.263Z"}
{"level":"error","message":"Error connecting to MongoDB: Server selection timed out after 5000 ms","timestamp":"2026-04-02T01:39:19.553Z"}
{"level":"error","message":"Error connecting to MongoDB: Server selection timed out after 5000 ms","timestamp":"2026-04-02T01:39:55.470Z"}
{"level":"error","message":"Error connecting to MongoDB: Server selection timed out after 5000 ms","timestamp":"2026-04-02T01:40:05.020Z"}
{"level":"error","message":"Error connecting to MongoDB: Server selection timed out after 5000 ms","timestamp":"2026-04-02T01:40:14.635Z"}
{"level":"error","message":"Error connecting to MongoDB: Server selection timed out after 5000 ms","timestamp":"2026-04-02T01:40:24.483Z"}
{"level":"error","message":"Error connecting to MongoDB: Server selection timed out after 5000 ms","timestamp":"2026-04-02T01:40:34.696Z"}
{"level":"error","message":"Error connecting to MongoDB: Server selection timed out after 5000 ms","timestamp":"2026-04-02T01:40:45.664Z"}
{"level":"error","message":"Error connecting to MongoDB: Server selection timed out after 5000 ms","timestamp":"2026-04-02T01:40:58.165Z"}
{"level":"error","message":"Error connecting to MongoDB: Server selection timed out after 5000 ms","timestamp":"2026-04-02T01:41:13.946Z"}
{"level":"error","message":"Error connecting to MongoDB: Server selection timed out after 5000 ms","timestamp":"2026-04-02T01:41:36.276Z"}
{"level":"error","message":"Error connecting to MongoDB: Server selection timed out after 5000 ms","timestamp":"2026-04-02T01:42:12.444Z"}
{"level":"error","message":"Error connecting to MongoDB: Server selection timed out after 5000 ms","timestamp":"2026-04-03T04:01:46.830Z"}
{"level":"error","message":"Error connecting to MongoDB: Server selection timed out after 5000 ms","timestamp":"2026-04-03T04:01:47.848Z"}
{"level":"error","message":"Error connecting to MongoDB: Server selection timed out after 5000 ms","timestamp":"2026-04-03T04:01:56.703Z"}
{"level":"error","message":"Error connecting to MongoDB: Server selection timed out after 5000 ms","timestamp":"2026-04-03T04:02:06.224Z"}
{"level":"error","message":"Error connecting to MongoDB: Server selection timed out after 5000 ms","timestamp":"2026-04-03T04:02:15.943Z"}
{"level":"error","message":"Error connecting to MongoDB: Server selection timed out after 5000 ms","timestamp":"2026-04-03T04:02:26.291Z"}
{"level":"error","message":"Error connecting to MongoDB: Server selection timed out after 5000 ms","timestamp":"2026-04-03T04:02:37.457Z"}
{"level":"error","message":"Error connecting to MongoDB: Server selection timed out after 5000 ms","timestamp":"2026-04-03T04:02:50.191Z"}
{"level":"error","message":"Error connecting to MongoDB: Server selection timed out after 5000 ms","timestamp":"2026-04-03T04:03:06.633Z"}
{"level":"error","message":"Error connecting to MongoDB: Server selection timed out after 5000 ms","timestamp":"2026-04-03T04:03:16.532Z"}
{"level":"error","message":"Error connecting to MongoDB: Server selection timed out after 5000 ms","timestamp":"2026-04-03T04:03:26.624Z"}
{"level":"error","message":"Error connecting to MongoDB: Server selection timed out after 5000 ms","timestamp":"2026-04-03T04:03:36.419Z"}
{"level":"error","message":"Error connecting to MongoDB: Server selection timed out after 5000 ms","timestamp":"2026-04-03T04:03:46.678Z"}
{"level":"error","message":"Error connecting to MongoDB: Server selection timed out after 5000 ms","timestamp":"2026-04-03T04:03:57.749Z"}
{"level":"error","message":"Error connecting to MongoDB: Server selection timed out after 5000 ms","timestamp":"2026-04-03T04:04:11.160Z"}
{"level":"error","message":"Error connecting to MongoDB: Server selection timed out after 5000 ms","timestamp":"2026-04-03T04:04:20.858Z"}
{"level":"error","message":"Error connecting to MongoDB: Server selection timed out after 5000 ms","timestamp":"2026-04-03T04:04:30.697Z"}
{"level":"error","message":"Error connecting to MongoDB: Server selection timed out after 5000 ms","timestamp":"2026-04-03T04:04:40.606Z"}
{"level":"error","message":"Error connecting to MongoDB: Server selection timed out after 5000 ms","timestamp":"2026-04-03T04:04:51.153Z"}
{"level":"error","message":"Error connecting to MongoDB: Server selection timed out after 5000 ms","timestamp":"2026-04-03T04:05:02.160Z"}
{"level":"error","message":"Error connecting to MongoDB: Server selection timed out after 5000 ms","timestamp":"2026-04-03T04:05:14.997Z"}
{"level":"error","message":"Error connecting to MongoDB: Server selection timed out after 5000 ms","timestamp":"2026-04-03T04:05:30.940Z"}
{"level":"error","message":"Error connecting to MongoDB: Server selection timed out after 5000 ms","timestamp":"2026-04-03T04:05:53.370Z"}
{"level":"error","message":"Error connecting to MongoDB: Server selection timed out after 5000 ms","timestamp":"2026-04-03T04:06:28.487Z"}
{"level":"error","message":"Error connecting to MongoDB: Server selection timed out after 5000 ms","timestamp":"2026-04-03T04:07:29.188Z"}
{"level":"error","message":"Error connecting to MongoDB: Server selection timed out after 5000 ms","timestamp":"2026-04-03T04:08:38.712Z"}
{"level":"error","message":"Error connecting to MongoDB: Server selection timed out after 5000 ms","timestamp":"2026-04-03T04:09:48.491Z"}
{"level":"error","message":"Error connecting to MongoDB: Server selection timed out after 5000 ms","timestamp":"2026-04-03T04:10:57.779Z"}
{"level":"error","message":"Error connecting to MongoDB: Server selection timed out after 5000 ms","timestamp":"2026-04-03T04:12:07.280Z"}
{"level":"error","message":"Error connecting to MongoDB: Server selection timed out after 5000 ms","timestamp":"2026-04-03T04:13:16.952Z"}
{"level":"error","message":"Error connecting to MongoDB: Server selection timed out after 5000 ms","timestamp":"2026-04-03T04:14:27.646Z"}
{"level":"error","message":"Error connecting to MongoDB: Server selection timed out after 5000 ms","timestamp":"2026-04-03T04:14:37.501Z"}
{"level":"error","message":"Error connecting to MongoDB: Server selection timed out after 5000 ms","timestamp":"2026-04-03T04:14:47.377Z"}
{"level":"error","message":"Error connecting to MongoDB: Server selection timed out after 5000 ms","timestamp":"2026-04-03T04:14:57.337Z"}
{"level":"error","message":"Error connecting to MongoDB: Server selection timed out after 5000 ms","timestamp":"2026-04-03T04:15:07.731Z"}
{"level":"error","message":"Error connecting to MongoDB: Server selection timed out after 5000 ms","timestamp":"2026-04-03T04:15:18.993Z"}
{"level":"error","message":"Error connecting to MongoDB: Server selection timed out after 5000 ms","timestamp":"2026-04-03T04:15:31.838Z"}
{"level":"error","message":"Error connecting to MongoDB: Server selection timed out after 5000 ms","timestamp":"2026-04-03T04:15:47.766Z"}
{"level":"error","message":"Error connecting to MongoDB: Server selection timed out after 5000 ms","timestamp":"2026-04-03T04:16:10.111Z"}
{"level":"error","message":"Error connecting to MongoDB: Server selection timed out after 5000 ms","timestamp":"2026-04-03T04:16:46.037Z"}
{"level":"error","message":"Error connecting to MongoDB: Server selection timed out after 5000 ms","timestamp":"2026-04-03T04:16:55.769Z"}
{"level":"error","message":"Error connecting to MongoDB: Server selection timed out after 5000 ms","timestamp":"2026-04-03T04:17:05.479Z"}
{"level":"error","message":"Error connecting to MongoDB: Server selection timed out after 5000 ms","timestamp":"2026-04-03T04:17:15.410Z"}
{"level":"error","message":"Error connecting to MongoDB: Server selection timed out after 5000 ms","timestamp":"2026-04-03T04:17:25.763Z"}
{"level":"error","message":"Error connecting to MongoDB: Server selection timed out after 5000 ms","timestamp":"2026-04-03T04:17:36.693Z"}
{"level":"error","message":"Error connecting to MongoDB: Server selection timed out after 5000 ms","timestamp":"2026-04-03T04:17:49.298Z"}
{"level":"error","message":"Error connecting to MongoDB: Server selection timed out after 5000 ms","timestamp":"2026-04-03T04:18:05.314Z"}
{"level":"error","message":"Error connecting to MongoDB: Server selection timed out after 5000 ms","timestamp":"2026-04-03T04:18:27.661Z"}
{"level":"error","message":"Error connecting to MongoDB: Server selection timed out after 5000 ms","timestamp":"2026-04-03T04:19:02.735Z"}
{"level":"error","message":"Error connecting to MongoDB: Server selection timed out after 5000 ms","timestamp":"2026-04-03T04:20:03.217Z"}
{"level":"error","message":"Error connecting to MongoDB: Server selection timed out after 5000 ms","timestamp":"2026-04-03T04:21:12.380Z"}
{"level":"error","message":"Error connecting to MongoDB: Server selection timed out after 5000 ms","timestamp":"2026-04-03T04:22:21.843Z"}
{"level":"error","message":"Error connecting to MongoDB: Server selection timed out after 5000 ms","timestamp":"2026-04-03T04:23:31.206Z"}
{"level":"error","message":"Error connecting to MongoDB: getaddrinfo ENOTFOUND mongo","timestamp":"2026-04-03T04:24:40.423Z"}
{"level":"error","message":"Error connecting to MongoDB: Server selection timed out after 5000 ms","timestamp":"2026-04-03T04:25:50.546Z"}
{"level":"error","message":"Error connecting to MongoDB: Server selection timed out after 5000 ms","timestamp":"2026-04-03T04:26:00.218Z"}
{"level":"error","message":"Error connecting to MongoDB: Server selection timed out after 5000 ms","timestamp":"2026-04-03T04:26:09.887Z"}
{"level":"error","message":"Error connecting to MongoDB: getaddrinfo ENOTFOUND mongo","timestamp":"2026-04-03T04:26:19.747Z"}
{"level":"error","message":"Error connecting to MongoDB: Server selection timed out after 5000 ms","timestamp":"2026-04-03T04:26:33.412Z"}
{"level":"error","message":"Error connecting to MongoDB: Server selection timed out after 5000 ms","timestamp":"2026-04-03T04:26:43.082Z"}
{"level":"error","message":"Error connecting to MongoDB: Server selection timed out after 5000 ms","timestamp":"2026-04-03T04:26:52.920Z"}
{"level":"error","message":"Error connecting to MongoDB: getaddrinfo ENOTFOUND mongo","timestamp":"2026-04-03T04:27:03.115Z"}
{"level":"error","message":"Error connecting to MongoDB: Server selection timed out after 5000 ms","timestamp":"2026-04-03T04:27:13.999Z"}
{"level":"error","message":"Error connecting to MongoDB: Server selection timed out after 5000 ms","timestamp":"2026-04-03T04:27:26.424Z"}
{"level":"error","message":"Error connecting to MongoDB: Server selection timed out after 5000 ms","timestamp":"2026-04-03T04:27:42.073Z"}
{"level":"error","message":"Error connecting to MongoDB: Server selection timed out after 5000 ms","timestamp":"2026-04-03T04:28:04.207Z"}
{"level":"error","message":"Error connecting to MongoDB: Server selection timed out after 5000 ms","timestamp":"2026-04-03T04:28:39.733Z"}
{"level":"error","message":"Error connecting to MongoDB: Server selection timed out after 5000 ms","timestamp":"2026-04-03T04:29:41.657Z"}
{"level":"error","message":"Error connecting to MongoDB: Server selection timed out after 5000 ms","timestamp":"2026-04-03T04:29:51.136Z"}
{"level":"error","message":"Error connecting to MongoDB: Server selection timed out after 5000 ms","timestamp":"2026-04-03T04:30:00.788Z"}
{"level":"error","message":"Error connecting to MongoDB: Server selection timed out after 5000 ms","timestamp":"2026-04-03T04:30:10.617Z"}
{"level":"error","message":"Error connecting to MongoDB: Server selection timed out after 5000 ms","timestamp":"2026-04-03T04:30:20.805Z"}
{"level":"error","message":"Error connecting to MongoDB: Server selection timed out after 5000 ms","timestamp":"2026-04-03T04:30:31.640Z"}
{"level":"error","message":"Error connecting to MongoDB: Server selection timed out after 5000 ms","timestamp":"2026-04-03T04:30:44.259Z"}
{"level":"error","message":"Error connecting to MongoDB: Server selection timed out after 5000 ms","timestamp":"2026-04-03T04:31:00.050Z"}
{"level":"error","message":"Error connecting to MongoDB: Server selection timed out after 5000 ms","timestamp":"2026-04-03T04:31:22.100Z"}
{"level":"error","message":"Error connecting to MongoDB: getaddrinfo ENOTFOUND mongo","timestamp":"2026-04-03T04:31:57.099Z"}
{"level":"error","message":"Error connecting to MongoDB: Server selection timed out after 5000 ms","timestamp":"2026-04-03T04:32:57.702Z"}
{"level":"error","message":"Error connecting to MongoDB: Server selection timed out after 5000 ms","timestamp":"2026-04-03T04:34:07.135Z"}
{"level":"error","message":"Error connecting to MongoDB: Server selection timed out after 5000 ms","timestamp":"2026-04-03T04:35:16.595Z"}
{"level":"error","message":"Error connecting to MongoDB: Server selection timed out after 5000 ms","timestamp":"2026-04-03T04:36:25.991Z"}
{"level":"error","message":"Error connecting to MongoDB: Server selection timed out after 5000 ms","timestamp":"2026-04-03T04:37:36.686Z"}
{"level":"error","message":"Error connecting to MongoDB: Server selection timed out after 5000 ms","timestamp":"2026-04-03T04:37:46.413Z"}
{"level":"error","message":"Error connecting to MongoDB: Server selection timed out after 5000 ms","timestamp":"2026-04-03T04:37:56.099Z"}
{"level":"error","message":"Error connecting to MongoDB: Server selection timed out after 5000 ms","timestamp":"2026-04-03T04:38:05.998Z"}
{"level":"error","message":"Error connecting to MongoDB: Server selection timed out after 5000 ms","timestamp":"2026-04-03T04:38:16.303Z"}
{"level":"error","message":"Error connecting to MongoDB: Server selection timed out after 5000 ms","timestamp":"2026-04-03T04:38:27.103Z"}
{"level":"error","message":"Error connecting to MongoDB: Server selection timed out after 5000 ms","timestamp":"2026-04-03T04:38:39.674Z"}
{"level":"error","message":"Error connecting to MongoDB: Server selection timed out after 5000 ms","timestamp":"2026-04-03T04:38:55.597Z"}
{"level":"error","message":"Error connecting to MongoDB: Server selection timed out after 5000 ms","timestamp":"2026-04-03T04:39:17.907Z"}
{"level":"error","message":"Error connecting to MongoDB: Server selection timed out after 5000 ms","timestamp":"2026-04-03T04:39:52.875Z"}
{"level":"error","message":"Error connecting to MongoDB: Server selection timed out after 5000 ms","timestamp":"2026-04-03T04:40:54.019Z"}
{"level":"error","message":"Error connecting to MongoDB: Server selection timed out after 5000 ms","timestamp":"2026-04-03T04:42:03.324Z"}
{"level":"error","message":"Error connecting to MongoDB: Server selection timed out after 5000 ms","timestamp":"2026-04-03T04:43:12.630Z"}
{"level":"error","message":"Error connecting to MongoDB: Server selection timed out after 5000 ms","timestamp":"2026-04-03T04:44:21.866Z"}
{"level":"error","message":"Error connecting to MongoDB: Server selection timed out after 5000 ms","timestamp":"2026-04-03T04:45:31.145Z"}
{"level":"error","message":"Error connecting to MongoDB: Server selection timed out after 5000 ms","timestamp":"2026-04-03T04:46:40.410Z"}
{"level":"error","message":"Error connecting to MongoDB: Server selection timed out after 5000 ms","timestamp":"2026-04-03T04:47:50.732Z"}
{"level":"error","message":"Error connecting to MongoDB: Server selection timed out after 5000 ms","timestamp":"2026-04-03T04:48:00.205Z"}
{"level":"error","message":"Error connecting to MongoDB: Server selection timed out after 5000 ms","timestamp":"2026-04-03T04:48:09.703Z"}
{"level":"error","message":"Error connecting to MongoDB: Server selection timed out after 5000 ms","timestamp":"2026-04-03T04:48:19.410Z"}
{"level":"error","message":"Error connecting to MongoDB: Server selection timed out after 5000 ms","timestamp":"2026-04-03T04:48:29.834Z"}
{"level":"error","message":"Error connecting to MongoDB: Server selection timed out after 5000 ms","timestamp":"2026-04-03T04:48:40.646Z"}
{"level":"error","message":"Error connecting to MongoDB: Server selection timed out after 5000 ms","timestamp":"2026-04-03T04:48:53.224Z"}
{"level":"error","message":"Error connecting to MongoDB: Server selection timed out after 5000 ms","timestamp":"2026-04-03T04:49:09.045Z"}
{"level":"error","message":"Error connecting to MongoDB: Server selection timed out after 5000 ms","timestamp":"2026-04-03T04:49:31.221Z"}
{"level":"error","message":"Error connecting to MongoDB: Server selection timed out after 5000 ms","timestamp":"2026-04-03T04:50:07.487Z"}
{"level":"error","message":"Error connecting to MongoDB: Server selection timed out after 5000 ms","timestamp":"2026-04-03T04:50:17.231Z"}
{"level":"error","message":"Error connecting to MongoDB: Server selection timed out after 5000 ms","timestamp":"2026-04-03T04:50:27.146Z"}
{"level":"error","message":"Error connecting to MongoDB: getaddrinfo ENOTFOUND mongo","timestamp":"2026-04-03T04:50:37.053Z"}
{"level":"error","message":"Error connecting to MongoDB: Server selection timed out after 5000 ms","timestamp":"2026-04-03T04:50:47.270Z"}
{"level":"error","message":"Error connecting to MongoDB: Server selection timed out after 5000 ms","timestamp":"2026-04-03T04:50:58.307Z"}
{"level":"error","message":"Error connecting to MongoDB: Server selection timed out after 5000 ms","timestamp":"2026-04-03T04:51:11.050Z"}
{"level":"error","message":"Error connecting to MongoDB: Server selection timed out after 5000 ms","timestamp":"2026-04-03T04:51:26.947Z"}
{"level":"error","message":"Error connecting to MongoDB: Server selection timed out after 5000 ms","timestamp":"2026-04-03T04:51:49.200Z"}
{"level":"error","message":"Error connecting to MongoDB: Server selection timed out after 5000 ms","timestamp":"2026-04-03T06:08:44.238Z"}
{"level":"error","message":"Error connecting to MongoDB: Server selection timed out after 5000 ms","timestamp":"2026-04-03T06:08:45.220Z"}
{"level":"error","message":"Error connecting to MongoDB: getaddrinfo ENOTFOUND mongo","timestamp":"2026-04-03T06:08:53.640Z"}
{"level":"error","message":"Error connecting to MongoDB: Server selection timed out after 5000 ms","timestamp":"2026-04-03T06:09:07.357Z"}
{"level":"error","message":"Error connecting to MongoDB: Server selection timed out after 5000 ms","timestamp":"2026-04-03T06:09:17.039Z"}
{"level":"error","message":"Error connecting to MongoDB: Server selection timed out after 5000 ms","timestamp":"2026-04-03T06:09:27.053Z"}
{"level":"error","message":"Error connecting to MongoDB: Server selection timed out after 5000 ms","timestamp":"2026-04-03T15:10:46.132Z"}
{"level":"error","message":"Error connecting to MongoDB: Server selection timed out after 5000 ms","timestamp":"2026-04-03T15:10:54.915Z"}
{"level":"error","message":"Error connecting to MongoDB: Server selection timed out after 5000 ms","timestamp":"2026-04-03T15:11:03.717Z"}
{"level":"error","message":"Error connecting to MongoDB: Server selection timed out after 5000 ms","timestamp":"2026-04-03T15:11:12.436Z"}
{"level":"error","message":"Error connecting to MongoDB: Server selection timed out after 5000 ms","timestamp":"2026-04-03T15:11:21.777Z"}
{"level":"error","message":"Error connecting to MongoDB: getaddrinfo ENOTFOUND mongo","timestamp":"2026-04-03T15:11:31.916Z"}
{"level":"error","message":"Error connecting to MongoDB: Server selection timed out after 5000 ms","timestamp":"2026-04-03T15:11:43.486Z"}
{"level":"error","message":"Error connecting to MongoDB: Server selection timed out after 5000 ms","timestamp":"2026-04-03T15:11:58.504Z"}
{"level":"error","message":"Error connecting to MongoDB: getaddrinfo ENOTFOUND mongo","timestamp":"2026-04-03T15:12:19.724Z"}
{"level":"error","message":"Error connecting to MongoDB: Server selection timed out after 5000 ms","timestamp":"2026-04-03T15:12:54.743Z"}
{"level":"error","message":"Error connecting to MongoDB: Server selection timed out after 5000 ms","timestamp":"2026-04-03T15:13:55.270Z"}
{"level":"error","message":"Error connecting to MongoDB: Server selection timed out after 5000 ms","timestamp":"2026-04-03T15:15:04.598Z"}
{"level":"error","message":"Error connecting to MongoDB: Server selection timed out after 5000 ms","timestamp":"2026-04-03T15:16:13.841Z"}
{"level":"error","message":"Error connecting to MongoDB: Server selection timed out after 5000 ms","timestamp":"2026-04-03T15:17:22.381Z"}
{"level":"error","message":"Error connecting to MongoDB: Server selection timed out after 5000 ms","timestamp":"2026-04-03T15:18:31.040Z"}
{"level":"error","message":"Error connecting to MongoDB: getaddrinfo ENOTFOUND mongo","timestamp":"2026-04-03T15:19:39.746Z"}
{"level":"error","message":"Error connecting to MongoDB: Server selection timed out after 5000 ms","timestamp":"2026-04-03T15:20:48.398Z"}
{"level":"error","message":"Error connecting to MongoDB: getaddrinfo ENOTFOUND mongo","timestamp":"2026-04-03T15:21:57.694Z"}
{"level":"error","message":"Error connecting to MongoDB: Server selection timed out after 5000 ms","timestamp":"2026-04-03T15:23:07.334Z"}
{"level":"error","message":"Error connecting to MongoDB: Server selection timed out after 5000 ms","timestamp":"2026-04-03T15:24:16.987Z"}
{"level":"error","message":"Error connecting to MongoDB: Server selection timed out after 5000 ms","timestamp":"2026-04-03T15:25:26.493Z"}
{"level":"error","message":"Error connecting to MongoDB: Server selection timed out after 5000 ms","timestamp":"2026-04-03T15:26:36.256Z"}
{"level":"error","message":"Error connecting to MongoDB: Server selection timed out after 5000 ms","timestamp":"2026-04-03T15:27:44.690Z"}
{"level":"error","message":"Error connecting to MongoDB: Server selection timed out after 5000 ms","timestamp":"2026-04-03T15:28:53.208Z"}
{"level":"error","message":"Error connecting to MongoDB: Server selection timed out after 5000 ms","timestamp":"2026-04-03T15:30:01.794Z"}
{"level":"error","message":"Error connecting to MongoDB: Server selection timed out after 5000 ms","timestamp":"2026-04-03T15:31:10.246Z"}
{"level":"error","message":"Error connecting to MongoDB: Server selection timed out after 5000 ms","timestamp":"2026-04-03T15:32:18.574Z"}
{"level":"error","message":"Error connecting to MongoDB: getaddrinfo ENOTFOUND mongo","timestamp":"2026-04-03T15:33:26.915Z"}
{"level":"error","message":"Error connecting to MongoDB: Server selection timed out after 5000 ms","timestamp":"2026-04-03T15:34:35.483Z"}
{"level":"error","message":"Error connecting to MongoDB: Server selection timed out after 5000 ms","timestamp":"2026-04-03T15:35:44.055Z"}
{"level":"error","message":"Error connecting to MongoDB: Server selection timed out after 5000 ms","timestamp":"2026-04-03T15:36:52.647Z"}
{"level":"error","message":"Error connecting to MongoDB: getaddrinfo ENOTFOUND mongo","timestamp":"2026-04-03T15:38:01.062Z"}
{"level":"error","message":"Error connecting to MongoDB: getaddrinfo ENOTFOUND mongo","timestamp":"2026-04-03T15:39:09.486Z"}
{"level":"error","message":"Error connecting to MongoDB: Server selection timed out after 5000 ms","timestamp":"2026-04-03T15:40:17.917Z"}
{"level":"error","message":"Error connecting to MongoDB: Server selection timed out after 5000 ms","timestamp":"2026-04-03T15:41:26.253Z"}
{"level":"error","message":"Error connecting to MongoDB: Server selection timed out after 5000 ms","timestamp":"2026-04-03T15:42:34.643Z"}
{"level":"error","message":"Error connecting to MongoDB: Server selection timed out after 5000 ms","timestamp":"2026-04-03T15:43:43.197Z"}
{"level":"error","message":"Error connecting to MongoDB: Server selection timed out after 5000 ms","timestamp":"2026-04-03T15:44:52.157Z"}
{"level":"error","message":"Error connecting to MongoDB: Server selection timed out after 5000 ms","timestamp":"2026-04-03T15:46:01.014Z"}
{"level":"error","message":"Error connecting to MongoDB: Server selection timed out after 5000 ms","timestamp":"2026-04-03T15:47:09.971Z"}
{"level":"error","message":"Error connecting to MongoDB: Server selection timed out after 5000 ms","timestamp":"2026-04-03T15:48:18.910Z"}
{"level":"error","message":"Error connecting to MongoDB: Server selection timed out after 5000 ms","timestamp":"2026-04-03T15:49:27.903Z"}
{"level":"error","message":"Error connecting to MongoDB: Server selection timed out after 5000 ms","timestamp":"2026-04-03T15:50:37.014Z"}
{"level":"error","message":"Error connecting to MongoDB: Server selection timed out after 5000 ms","timestamp":"2026-04-03T15:51:47.420Z"}
{"level":"error","message":"Error connecting to MongoDB: Server selection timed out after 5000 ms","timestamp":"2026-04-03T15:51:56.722Z"}
{"level":"error","message":"Error connecting to MongoDB: Server selection timed out after 5000 ms","timestamp":"2026-04-03T15:52:06.060Z"}
{"level":"error","message":"Error connecting to MongoDB: Server selection timed out after 5000 ms","timestamp":"2026-04-03T15:52:15.431Z"}
{"level":"error","message":"Error connecting to MongoDB: getaddrinfo ENOTFOUND mongo","timestamp":"2026-04-03T15:52:25.178Z"}
{"level":"error","message":"Error connecting to MongoDB: Server selection timed out after 5000 ms","timestamp":"2026-04-03T15:52:35.717Z"}
{"level":"error","message":"Error connecting to MongoDB: Server selection timed out after 5000 ms","timestamp":"2026-04-03T15:52:47.854Z"}
{"level":"error","message":"Error connecting to MongoDB: Server selection timed out after 5000 ms","timestamp":"2026-04-03T15:53:03.121Z"}
{"level":"error","message":"Error connecting to MongoDB: Server selection timed out after 5000 ms","timestamp":"2026-04-03T15:53:24.823Z"}
{"level":"error","message":"Error connecting to MongoDB: Server selection timed out after 5000 ms","timestamp":"2026-04-03T15:54:01.609Z"}
{"level":"error","message":"Error connecting to MongoDB: Server selection timed out after 5000 ms","timestamp":"2026-04-03T15:54:10.608Z"}
{"level":"error","message":"Error connecting to MongoDB: Server selection timed out after 5000 ms","timestamp":"2026-04-03T15:54:19.822Z"}
{"level":"error","message":"Error connecting to MongoDB: getaddrinfo ENOTFOUND mongo","timestamp":"2026-04-03T15:54:29.101Z"}
{"level":"error","message":"Error connecting to MongoDB: Server selection timed out after 5000 ms","timestamp":"2026-04-03T15:54:38.723Z"}
{"level":"error","message":"Error connecting to MongoDB: getaddrinfo ENOTFOUND mongo","timestamp":"2026-04-03T15:54:49.248Z"}
{"level":"error","message":"Error connecting to MongoDB: getaddrinfo ENOTFOUND mongo","timestamp":"2026-04-03T15:55:01.290Z"}
{"level":"error","message":"Error connecting to MongoDB: Server selection timed out after 5000 ms","timestamp":"2026-04-03T15:55:16.622Z"}
{"level":"error","message":"Error connecting to MongoDB: Server selection timed out after 5000 ms","timestamp":"2026-04-03T15:55:38.391Z"}
{"level":"error","message":"Error connecting to MongoDB: getaddrinfo ENOTFOUND mongo","timestamp":"2026-04-03T15:56:14.578Z"}
{"level":"error","message":"Error connecting to MongoDB: Server selection timed out after 5000 ms","timestamp":"2026-04-03T15:56:23.632Z"}
{"level":"error","message":"Error connecting to MongoDB: Server selection timed out after 5000 ms","timestamp":"2026-04-03T15:56:32.782Z"}
{"level":"error","message":"Error connecting to MongoDB: Server selection timed out after 5000 ms","timestamp":"2026-04-03T15:56:42.106Z"}
{"level":"error","message":"Error connecting to MongoDB: Server selection timed out after 5000 ms","timestamp":"2026-04-03T15:56:51.818Z"}
{"level":"error","message":"Error connecting to MongoDB: Server selection timed out after 5000 ms","timestamp":"2026-04-03T15:57:02.411Z"}
{"level":"error","message":"Error connecting to MongoDB: Server selection timed out after 5000 ms","timestamp":"2026-04-03T15:57:14.487Z"}
{"level":"error","message":"Error connecting to MongoDB: Server selection timed out after 5000 ms","timestamp":"2026-04-03T15:57:29.812Z"}
{"level":"error","message":"Error connecting to MongoDB: Server selection timed out after 5000 ms","timestamp":"2026-04-03T15:57:51.499Z"}
{"level":"error","message":"Error connecting to MongoDB: Server selection timed out after 5000 ms","timestamp":"2026-04-03T15:58:25.983Z"}
{"level":"error","message":"Error connecting to MongoDB: Server selection timed out after 5000 ms","timestamp":"2026-04-03T15:59:26.246Z"}
{"level":"error","message":"Error connecting to MongoDB: Server selection timed out after 5000 ms","timestamp":"2026-04-03T16:00:35.210Z"}
{"level":"error","message":"Error connecting to MongoDB: Server selection timed out after 5000 ms","timestamp":"2026-04-03T16:01:44.104Z"}
{"level":"error","message":"Error connecting to MongoDB: Server selection timed out after 5000 ms","timestamp":"2026-04-03T16:02:54.879Z"}
{"level":"error","message":"Error connecting to MongoDB: Server selection timed out after 5000 ms","timestamp":"2026-04-03T16:03:03.860Z"}
{"level":"error","message":"Error connecting to MongoDB: getaddrinfo ENOTFOUND mongo","timestamp":"2026-04-03T16:03:13.810Z"}
{"level":"error","message":"Error connecting to MongoDB: Server selection timed out after 5000 ms","timestamp":"2026-04-03T16:03:23.079Z"}
{"level":"error","message":"Error connecting to MongoDB: Server selection timed out after 5000 ms","timestamp":"2026-04-03T16:03:32.722Z"}
{"level":"error","message":"Error connecting to MongoDB: Server selection timed out after 5000 ms","timestamp":"2026-04-03T16:03:43.447Z"}
{"level":"error","message":"Error connecting to MongoDB: Server selection timed out after 5000 ms","timestamp":"2026-04-03T16:03:55.520Z"}
{"level":"error","message":"Error connecting to MongoDB: Server selection timed out after 5000 ms","timestamp":"2026-04-03T16:04:10.936Z"}
{"level":"error","message":"Error connecting to MongoDB: Server selection timed out after 5000 ms","timestamp":"2026-04-03T16:04:32.758Z"}
{"level":"error","message":"Error connecting to MongoDB: Server selection timed out after 5000 ms","timestamp":"2026-04-03T16:05:09.728Z"}
{"level":"error","message":"Error connecting to MongoDB: Server selection timed out after 5000 ms","timestamp":"2026-04-03T16:05:18.947Z"}
{"level":"error","message":"Error connecting to MongoDB: Server selection timed out after 5000 ms","timestamp":"2026-04-03T16:05:28.123Z"}
{"level":"error","message":"Error connecting to MongoDB: Server selection timed out after 5000 ms","timestamp":"2026-04-03T16:05:37.547Z"}
{"level":"error","message":"Error connecting to MongoDB: Server selection timed out after 5000 ms","timestamp":"2026-04-03T16:05:47.430Z"}
{"level":"error","message":"Error connecting to MongoDB: Server selection timed out after 5000 ms","timestamp":"2026-04-03T16:05:58.026Z"}
{"level":"error","message":"Error connecting to MongoDB: Server selection timed out after 5000 ms","timestamp":"2026-04-03T16:06:10.337Z"}
{"level":"error","message":"Error connecting to MongoDB: Server selection timed out after 5000 ms","timestamp":"2026-04-03T16:06:25.927Z"}
{"level":"error","message":"Error connecting to MongoDB: Server selection timed out after 5000 ms","timestamp":"2026-04-03T16:06:49.884Z"}
{"level":"error","message":"Error connecting to MongoDB: Server selection timed out after 5000 ms","timestamp":"2026-04-03T16:06:59.244Z"}
{"level":"error","message":"Error connecting to MongoDB: Server selection timed out after 5000 ms","timestamp":"2026-04-03T16:07:08.390Z"}
{"level":"error","message":"Error connecting to MongoDB: Server selection timed out after 5000 ms","timestamp":"2026-04-03T16:07:17.996Z"}
{"level":"error","message":"Error connecting to MongoDB: Server selection timed out after 5000 ms","timestamp":"2026-04-03T16:07:27.835Z"}
{"level":"error","message":"Error connecting to MongoDB: Server selection timed out after 5000 ms","timestamp":"2026-04-03T16:07:38.430Z"}
{"level":"error","message":"Error connecting to MongoDB: Server selection timed out after 5000 ms","timestamp":"2026-04-03T16:07:50.788Z"}
{"level":"error","message":"Error connecting to MongoDB: Server selection timed out after 5000 ms","timestamp":"2026-04-03T16:08:06.405Z"}
{"level":"error","message":"Error connecting to MongoDB: getaddrinfo ENOTFOUND mongo","timestamp":"2026-04-03T16:08:28.105Z"}
{"level":"error","message":"Error connecting to MongoDB: Server selection timed out after 5000 ms","timestamp":"2026-04-03T16:09:02.544Z"}
{"level":"error","message":"Error connecting to MongoDB: Server selection timed out after 5000 ms","timestamp":"2026-04-03T16:10:02.692Z"}
{"level":"error","message":"Error connecting to MongoDB: Server selection timed out after 5000 ms","timestamp":"2026-04-03T16:11:11.693Z"}
{"level":"error","message":"Error connecting to MongoDB: Server selection timed out after 5000 ms","timestamp":"2026-04-03T16:12:20.594Z"}
{"level":"error","message":"Error connecting to MongoDB: Server selection timed out after 5000 ms","timestamp":"2026-04-03T16:13:29.605Z"}
{"level":"error","message":"Error connecting to MongoDB: Server selection timed out after 5000 ms","timestamp":"2026-04-03T16:14:40.551Z"}
{"level":"error","message":"Error connecting to MongoDB: Server selection timed out after 5000 ms","timestamp":"2026-04-03T16:14:49.591Z"}
{"level":"error","message":"Error connecting to MongoDB: Server selection timed out after 5000 ms","timestamp":"2026-04-03T16:14:58.971Z"}
{"level":"error","message":"Error connecting to MongoDB: Server selection timed out after 5000 ms","timestamp":"2026-04-03T16:15:08.355Z"}
{"level":"error","message":"Error connecting to MongoDB: Server selection timed out after 5000 ms","timestamp":"2026-04-03T16:15:18.258Z"}
{"level":"error","message":"Error connecting to MongoDB: Server selection timed out after 5000 ms","timestamp":"2026-04-03T16:15:29.858Z"}
{"level":"error","message":"Error connecting to MongoDB: getaddrinfo ENOTFOUND mongo","timestamp":"2026-04-03T16:15:43.203Z"}
{"level":"error","message":"Error connecting to MongoDB: Server selection timed out after 5000 ms","timestamp":"2026-04-03T16:15:52.745Z"}
{"level":"error","message":"Error connecting to MongoDB: Server selection timed out after 5000 ms","timestamp":"2026-04-03T16:16:01.493Z"}
{"level":"error","message":"Error connecting to MongoDB: Server selection timed out after 5000 ms","timestamp":"2026-04-03T16:16:11.826Z"}
{"level":"error","message":"Error connecting to MongoDB: getaddrinfo ENOTFOUND mongo","timestamp":"2026-04-03T16:16:22.498Z"}
{"level":"error","message":"Error connecting to MongoDB: Server selection timed out after 5000 ms","timestamp":"2026-04-03T16:16:33.215Z"}
{"level":"error","message":"Error connecting to MongoDB: Server selection timed out after 5000 ms","timestamp":"2026-04-03T16:16:45.124Z"}
{"level":"error","message":"Error connecting to MongoDB: Server selection timed out after 5000 ms","timestamp":"2026-04-03T16:17:00.395Z"}
{"level":"error","message":"Error connecting to MongoDB: getaddrinfo ENOTFOUND mongo","timestamp":"2026-04-03T16:17:21.968Z"}
{"level":"error","message":"Error connecting to MongoDB: Server selection timed out after 5000 ms","timestamp":"2026-04-03T16:17:58.482Z"}
{"level":"error","message":"Error connecting to MongoDB: Server selection timed out after 5000 ms","timestamp":"2026-04-03T16:18:07.499Z"}
{"level":"error","message":"Error connecting to MongoDB: Server selection timed out after 5000 ms","timestamp":"2026-04-03T16:18:16.440Z"}
{"level":"error","message":"Error connecting to MongoDB: Server selection timed out after 5000 ms","timestamp":"2026-04-03T16:18:25.681Z"}
{"level":"error","message":"Error connecting to MongoDB: Server selection timed out after 5000 ms","timestamp":"2026-04-03T16:18:35.340Z"}
{"level":"error","message":"Error connecting to MongoDB: Server selection timed out after 5000 ms","timestamp":"2026-04-03T16:18:45.823Z"}
{"level":"error","message":"Error connecting to MongoDB: Server selection timed out after 5000 ms","timestamp":"2026-04-03T16:18:57.877Z"}
{"level":"error","message":"Error connecting to MongoDB: Server selection timed out after 5000 ms","timestamp":"2026-04-03T16:19:13.199Z"}
{"level":"error","message":"Error connecting to MongoDB: Server selection timed out after 5000 ms","timestamp":"2026-04-03T16:19:34.915Z"}
{"level":"error","message":"Error connecting to MongoDB: Server selection timed out after 5000 ms","timestamp":"2026-04-03T16:20:09.402Z"}
{"level":"error","message":"Error connecting to MongoDB: Server selection timed out after 5000 ms","timestamp":"2026-04-03T16:21:11.141Z"}
{"level":"error","message":"Error connecting to MongoDB: Server selection timed out after 5000 ms","timestamp":"2026-04-03T16:21:20.063Z"}
{"level":"error","message":"Error connecting to MongoDB: Server selection timed out after 5000 ms","timestamp":"2026-04-03T16:21:29.220Z"}
{"level":"error","message":"Error connecting to MongoDB: Server selection timed out after 5000 ms","timestamp":"2026-04-03T16:21:38.683Z"}
{"level":"error","message":"Error connecting to MongoDB: Server selection timed out after 5000 ms","timestamp":"2026-04-03T16:21:48.714Z"}
{"level":"error","message":"Error connecting to MongoDB: getaddrinfo ENOTFOUND mongo","timestamp":"2026-04-03T16:21:59.367Z"}
{"level":"error","message":"Error connecting to MongoDB: Server selection timed out after 5000 ms","timestamp":"2026-04-03T16:22:11.499Z"}
{"level":"error","message":"Error connecting to MongoDB: Server selection timed out after 5000 ms","timestamp":"2026-04-03T16:22:26.750Z"}
{"level":"error","message":"Error connecting to MongoDB: Server selection timed out after 5000 ms","timestamp":"2026-04-03T16:22:48.384Z"}
{"level":"error","message":"Error connecting to MongoDB: Server selection timed out after 5000 ms","timestamp":"2026-04-03T16:23:22.831Z"}
{"level":"error","message":"Error connecting to MongoDB: Server selection timed out after 5000 ms","timestamp":"2026-04-03T16:24:22.860Z"}
{"level":"error","message":"Error connecting to MongoDB: Server selection timed out after 5000 ms","timestamp":"2026-04-03T16:25:31.990Z"}
{"level":"error","message":"Error connecting to MongoDB: Server selection timed out after 5000 ms","timestamp":"2026-04-03T16:26:42.992Z"}
{"level":"error","message":"Error connecting to MongoDB: Server selection timed out after 5000 ms","timestamp":"2026-04-03T16:26:52.102Z"}
{"level":"error","message":"Error connecting to MongoDB: Server selection timed out after 5000 ms","timestamp":"2026-04-03T16:27:01.201Z"}
{"level":"error","message":"Error connecting to MongoDB: Server selection timed out after 5000 ms","timestamp":"2026-04-03T16:27:10.410Z"}
{"level":"error","message":"Error connecting to MongoDB: Server selection timed out after 5000 ms","timestamp":"2026-04-03T16:27:20.138Z"}
{"level":"error","message":"Error connecting to MongoDB: Server selection timed out after 5000 ms","timestamp":"2026-04-03T16:27:30.683Z"}
{"level":"error","message":"Error connecting to MongoDB: Server selection timed out after 5000 ms","timestamp":"2026-04-03T16:27:42.844Z"}
{"level":"error","message":"Error connecting to MongoDB: Server selection timed out after 5000 ms","timestamp":"2026-04-03T16:27:58.327Z"}
{"level":"error","message":"Error connecting to MongoDB: Server selection timed out after 5000 ms","timestamp":"2026-04-03T16:28:19.940Z"}
{"level":"error","message":"Error connecting to MongoDB: Server selection timed out after 5000 ms","timestamp":"2026-04-03T16:28:56.341Z"}
{"level":"error","message":"Error connecting to MongoDB: Server selection timed out after 5000 ms","timestamp":"2026-04-03T16:29:05.427Z"}
{"level":"error","message":"Error connecting to MongoDB: Server selection timed out after 5000 ms","timestamp":"2026-04-03T16:29:14.582Z"}
{"level":"error","message":"Error connecting to MongoDB: Server selection timed out after 5000 ms","timestamp":"2026-04-03T16:29:23.882Z"}
{"level":"error","message":"Error connecting to MongoDB: Server selection timed out after 5000 ms","timestamp":"2026-04-03T16:29:33.816Z"}
{"level":"error","message":"Error connecting to MongoDB: Server selection timed out after 5000 ms","timestamp":"2026-04-03T16:29:44.553Z"}
{"level":"error","message":"Error connecting to MongoDB: Server selection timed out after 5000 ms","timestamp":"2026-04-03T16:29:56.827Z"}
{"level":"error","message":"Error connecting to MongoDB: Server selection timed out after 5000 ms","timestamp":"2026-04-03T16:30:12.264Z"}
{"level":"error","message":"Error connecting to MongoDB: Server selection timed out after 5000 ms","timestamp":"2026-04-03T16:30:33.920Z"}
{"level":"error","message":"Error connecting to MongoDB: Server selection timed out after 5000 ms","timestamp":"2026-04-03T16:31:08.444Z"}
{"level":"error","message":"Error connecting to MongoDB: Server selection timed out after 5000 ms","timestamp":"2026-04-03T16:32:10.533Z"}
{"level":"error","message":"Error connecting to MongoDB: Server selection timed out after 5000 ms","timestamp":"2026-04-03T16:32:19.463Z"}
{"level":"error","message":"Error connecting to MongoDB: Server selection timed out after 5000 ms","timestamp":"2026-04-03T16:32:28.466Z"}
{"level":"error","message":"Error connecting to MongoDB: Server selection timed out after 5000 ms","timestamp":"2026-04-03T16:32:37.807Z"}
{"level":"error","message":"Error connecting to MongoDB: Server selection timed out after 5000 ms","timestamp":"2026-04-03T16:32:47.621Z"}
{"level":"error","message":"Error connecting to MongoDB: Server selection timed out after 5000 ms","timestamp":"2026-04-03T16:32:58.178Z"}
{"level":"error","message":"Error connecting to MongoDB: Server selection timed out after 5000 ms","timestamp":"2026-04-03T16:33:10.326Z"}
{"level":"error","message":"Error connecting to MongoDB: Server selection timed out after 5000 ms","timestamp":"2026-04-03T16:33:25.643Z"}
{"level":"error","message":"Error connecting to MongoDB: Server selection timed out after 5000 ms","timestamp":"2026-04-03T16:33:47.433Z"}
{"level":"error","message":"Error connecting to MongoDB: Server selection timed out after 5000 ms","timestamp":"2026-04-03T16:34:22.052Z"}
{"level":"error","message":"Error connecting to MongoDB: Server selection timed out after 5000 ms","timestamp":"2026-04-03T16:35:22.225Z"}
{"level":"error","message":"Error connecting to MongoDB: Server selection timed out after 5000 ms","timestamp":"2026-04-03T16:36:31.136Z"}
{"level":"error","message":"Error connecting to MongoDB: Server selection timed out after 5000 ms","timestamp":"2026-04-03T16:37:42.588Z"}
{"level":"error","message":"Error connecting to MongoDB: Server selection timed out after 5000 ms","timestamp":"2026-04-03T16:37:51.714Z"}
{"level":"error","message":"Error connecting to MongoDB: Server selection timed out after 5000 ms","timestamp":"2026-04-03T16:38:00.825Z"}
{"level":"error","message":"Error connecting to MongoDB: Server selection timed out after 5000 ms","timestamp":"2026-04-03T16:38:10.086Z"}
{"level":"error","message":"Error connecting to MongoDB: Server selection timed out after 5000 ms","timestamp":"2026-04-03T16:38:19.821Z"}
{"level":"error","message":"Error connecting to MongoDB: Server selection timed out after 5000 ms","timestamp":"2026-04-03T16:38:30.333Z"}
{"level":"error","message":"Error connecting to MongoDB: Server selection timed out after 5000 ms","timestamp":"2026-04-03T16:38:42.480Z"}
{"level":"error","message":"Error connecting to MongoDB: Server selection timed out after 5000 ms","timestamp":"2026-04-03T16:38:57.786Z"}
{"level":"error","message":"Error connecting to MongoDB: Server selection timed out after 5000 ms","timestamp":"2026-04-03T16:39:19.513Z"}
{"level":"error","message":"Error connecting to MongoDB: Server selection timed out after 5000 ms","timestamp":"2026-04-03T16:39:55.534Z"}
{"level":"error","message":"Error connecting to MongoDB: Server selection timed out after 5000 ms","timestamp":"2026-04-03T16:40:04.650Z"}
{"level":"error","message":"Error connecting to MongoDB: Server selection timed out after 5000 ms","timestamp":"2026-04-03T16:40:13.823Z"}
{"level":"error","message":"Error connecting to MongoDB: Server selection timed out after 5000 ms","timestamp":"2026-04-03T16:40:23.096Z"}
{"level":"error","message":"Error connecting to MongoDB: Server selection timed out after 5000 ms","timestamp":"2026-04-03T16:40:32.673Z"}
{"level":"error","message":"Error connecting to MongoDB: Server selection timed out after 5000 ms","timestamp":"2026-04-03T16:40:43.147Z"}
{"level":"error","message":"Error connecting to MongoDB: Server selection timed out after 5000 ms","timestamp":"2026-04-03T16:40:55.335Z"}
{"level":"error","message":"Error connecting to MongoDB: Server selection timed out after 5000 ms","timestamp":"2026-04-03T16:41:10.570Z"}
{"level":"error","message":"Error connecting to MongoDB: Server selection timed out after 5000 ms","timestamp":"2026-04-03T16:41:32.205Z"}
{"level":"error","message":"Error connecting to MongoDB: Server selection timed out after 5000 ms","timestamp":"2026-04-03T16:42:06.676Z"}
{"level":"error","message":"Error connecting to MongoDB: Server selection timed out after 5000 ms","timestamp":"2026-04-03T16:43:08.658Z"}
{"level":"error","message":"Error connecting to MongoDB: Server selection timed out after 5000 ms","timestamp":"2026-04-03T16:43:17.651Z"}
{"level":"error","message":"Error connecting to MongoDB: Server selection timed out after 5000 ms","timestamp":"2026-04-03T16:43:26.679Z"}
{"level":"error","message":"Error connecting to MongoDB: Server selection timed out after 5000 ms","timestamp":"2026-04-03T16:43:35.924Z"}
{"level":"error","message":"Error connecting to MongoDB: Server selection timed out after 5000 ms","timestamp":"2026-04-03T16:43:45.557Z"}
{"level":"error","message":"Error connecting to MongoDB: Server selection timed out after 5000 ms","timestamp":"2026-04-03T16:43:56.060Z"}
{"level":"error","message":"Error connecting to MongoDB: getaddrinfo ENOTFOUND mongo","timestamp":"2026-04-03T16:44:08.159Z"}
{"level":"error","message":"Error connecting to MongoDB: Server selection timed out after 5000 ms","timestamp":"2026-04-03T16:44:23.536Z"}
{"level":"error","message":"Error connecting to MongoDB: Server selection timed out after 5000 ms","timestamp":"2026-04-03T16:44:45.269Z"}
{"level":"error","message":"Error connecting to MongoDB: Server selection timed out after 5000 ms","timestamp":"2026-04-03T16:45:19.925Z"}
{"level":"error","message":"Error connecting to MongoDB: Server selection timed out after 5000 ms","timestamp":"2026-04-03T16:46:19.984Z"}
{"level":"error","message":"Error connecting to MongoDB: getaddrinfo ENOTFOUND mongo","timestamp":"2026-04-03T16:47:29.011Z"}
{"level":"error","message":"Error connecting to MongoDB: Server selection timed out after 5000 ms","timestamp":"2026-04-03T16:48:40.221Z"}
{"level":"error","message":"Error connecting to MongoDB: getaddrinfo ENOTFOUND mongo","timestamp":"2026-04-03T16:48:49.298Z"}
{"level":"error","message":"Error connecting to MongoDB: Server selection timed out after 5000 ms","timestamp":"2026-04-03T16:48:58.389Z"}
{"level":"error","message":"Error connecting to MongoDB: Server selection timed out after 5000 ms","timestamp":"2026-04-03T16:49:07.735Z"}
{"level":"error","message":"Error connecting to MongoDB: Server selection timed out after 5000 ms","timestamp":"2026-04-03T16:49:17.408Z"}
{"level":"error","message":"Error connecting to MongoDB: Server selection timed out after 5000 ms","timestamp":"2026-04-03T16:49:28.003Z"}
{"level":"error","message":"Error connecting to MongoDB: Server selection timed out after 5000 ms","timestamp":"2026-04-03T16:49:40.189Z"}
{"level":"error","message":"Error connecting to MongoDB: Server selection timed out after 5000 ms","timestamp":"2026-04-03T16:49:55.489Z"}
{"level":"error","message":"Error connecting to MongoDB: Server selection timed out after 5000 ms","timestamp":"2026-04-03T16:50:18.912Z"}
{"level":"error","message":"Error connecting to MongoDB: Server selection timed out after 5000 ms","timestamp":"2026-04-03T16:50:28.018Z"}
{"level":"error","message":"Error connecting to MongoDB: Server selection timed out after 5000 ms","timestamp":"2026-04-03T16:50:37.140Z"}
{"level":"error","message":"Error connecting to MongoDB: Server selection timed out after 5000 ms","timestamp":"2026-04-03T16:50:46.511Z"}
{"level":"error","message":"Error connecting to MongoDB: Server selection timed out after 5000 ms","timestamp":"2026-04-03T16:50:56.269Z"}
{"level":"error","message":"Error connecting to MongoDB: Server selection timed out after 5000 ms","timestamp":"2026-04-03T16:51:06.782Z"}
{"level":"error","message":"Error connecting to MongoDB: Server selection timed out after 5000 ms","timestamp":"2026-04-03T16:51:18.960Z"}
{"level":"error","message":"Error connecting to MongoDB: getaddrinfo ENOTFOUND mongo","timestamp":"2026-04-03T16:51:34.275Z"}
{"level":"error","message":"Error connecting to MongoDB: Server selection timed out after 5000 ms","timestamp":"2026-04-03T16:51:56.072Z"}
{"level":"error","message":"Error connecting to MongoDB: Server selection timed out after 5000 ms","timestamp":"2026-04-03T16:52:30.543Z"}
{"level":"error","message":"Error connecting to MongoDB: Server selection timed out after 5000 ms","timestamp":"2026-04-03T16:53:30.751Z"}
{"level":"error","message":"Error connecting to MongoDB: Server selection timed out after 5000 ms","timestamp":"2026-04-03T16:54:41.338Z"}
{"level":"error","message":"Error connecting to MongoDB: Server selection timed out after 5000 ms","timestamp":"2026-04-03T16:54:50.565Z"}
{"level":"error","message":"Error connecting to MongoDB: Server selection timed out after 5000 ms","timestamp":"2026-04-03T16:54:59.671Z"}
{"level":"error","message":"Error connecting to MongoDB: Server selection timed out after 5000 ms","timestamp":"2026-04-03T16:55:08.938Z"}
{"level":"error","message":"Error connecting to MongoDB: Server selection timed out after 5000 ms","timestamp":"2026-04-03T16:55:18.659Z"}
{"level":"error","message":"Error connecting to MongoDB: getaddrinfo ENOTFOUND mongo","timestamp":"2026-04-03T16:55:29.192Z"}
{"level":"error","message":"Error connecting to MongoDB: Server selection timed out after 5000 ms","timestamp":"2026-04-03T16:55:41.321Z"}
{"level":"error","message":"Error connecting to MongoDB: Server selection timed out after 5000 ms","timestamp":"2026-04-03T16:55:56.716Z"}
{"level":"error","message":"Error connecting to MongoDB: Server selection timed out after 5000 ms","timestamp":"2026-04-03T16:56:18.585Z"}
{"level":"error","message":"Error connecting to MongoDB: Server selection timed out after 5000 ms","timestamp":"2026-04-03T16:56:53.198Z"}
{"level":"error","message":"Error connecting to MongoDB: Server selection timed out after 5000 ms","timestamp":"2026-04-03T16:57:52.946Z"}
{"level":"error","message":"Error connecting to MongoDB: Server selection timed out after 5000 ms","timestamp":"2026-04-03T16:59:01.383Z"}
{"level":"error","message":"Error connecting to MongoDB: Server selection timed out after 5000 ms","timestamp":"2026-04-03T17:00:10.831Z"}
{"level":"error","message":"Error connecting to MongoDB: getaddrinfo ENOTFOUND mongo","timestamp":"2026-04-03T17:01:19.417Z"}
{"level":"error","message":"Error connecting to MongoDB: getaddrinfo ENOTFOUND mongo","timestamp":"2026-04-03T17:02:28.215Z"}
{"level":"error","message":"Error connecting to MongoDB: Server selection timed out after 5000 ms","timestamp":"2026-04-03T17:03:36.742Z"}
{"level":"error","message":"Error connecting to MongoDB: Server selection timed out after 5000 ms","timestamp":"2026-04-03T17:04:45.333Z"}
{"level":"error","message":"Error connecting to MongoDB: Server selection timed out after 5000 ms","timestamp":"2026-04-03T17:05:53.976Z"}
{"level":"error","message":"Error connecting to MongoDB: Server selection timed out after 5000 ms","timestamp":"2026-04-03T17:07:02.551Z"}
{"level":"error","message":"Error connecting to MongoDB: Server selection timed out after 5000 ms","timestamp":"2026-04-03T17:08:11.202Z"}
{"level":"error","message":"Error connecting to MongoDB: Server selection timed out after 5000 ms","timestamp":"2026-04-03T17:09:19.900Z"}
{"level":"error","message":"Error connecting to MongoDB: Server selection timed out after 5000 ms","timestamp":"2026-04-03T17:10:28.715Z"}
{"level":"error","message":"Error connecting to MongoDB: Server selection timed out after 5000 ms","timestamp":"2026-04-03T17:11:37.330Z"}
{"level":"error","message":"Error connecting to MongoDB: Server selection timed out after 5000 ms","timestamp":"2026-04-03T17:12:45.929Z"}
{"level":"error","message":"Error connecting to MongoDB: Server selection timed out after 5000 ms","timestamp":"2026-04-03T17:13:54.614Z"}
{"level":"error","message":"Error connecting to MongoDB: Server selection timed out after 5000 ms","timestamp":"2026-04-03T17:15:03.277Z"}
{"level":"error","message":"Error connecting to MongoDB: Server selection timed out after 5000 ms","timestamp":"2026-04-03T17:16:11.701Z"}
{"level":"error","message":"Error connecting to MongoDB: Server selection timed out after 5000 ms","timestamp":"2026-04-03T17:17:20.159Z"}
{"level":"error","message":"Error connecting to MongoDB: Server selection timed out after 5000 ms","timestamp":"2026-04-03T17:18:28.751Z"}
{"level":"error","message":"Error connecting to MongoDB: Server selection timed out after 5000 ms","timestamp":"2026-04-03T17:19:37.294Z"}
{"level":"error","message":"Error connecting to MongoDB: Server selection timed out after 5000 ms","timestamp":"2026-04-03T17:20:45.965Z"}
{"level":"error","message":"Error connecting to MongoDB: Server selection timed out after 5000 ms","timestamp":"2026-04-03T17:21:54.679Z"}
{"level":"error","message":"Error connecting to MongoDB: Server selection timed out after 5000 ms","timestamp":"2026-04-03T17:23:03.285Z"}
{"level":"error","message":"Error connecting to MongoDB: getaddrinfo ENOTFOUND mongo","timestamp":"2026-04-03T17:24:12.010Z"}
{"level":"error","message":"Error connecting to MongoDB: getaddrinfo ENOTFOUND mongo","timestamp":"2026-04-03T17:25:20.638Z"}
{"level":"error","message":"Error connecting to MongoDB: Server selection timed out after 5000 ms","timestamp":"2026-04-03T17:26:29.397Z"}
{"level":"error","message":"Error connecting to MongoDB: Server selection timed out after 5000 ms","timestamp":"2026-04-03T17:27:38.130Z"}
{"level":"error","message":"Error connecting to MongoDB: Server selection timed out after 5000 ms","timestamp":"2026-04-03T17:28:46.832Z"}
